<?xml version="1.0" encoding="UTF-8"?>
<testng-results skipped="0" failed="1" ignored="0" total="1" passed="0">
  <reporter-output>
  </reporter-output>
  <suite name="Default suite" duration-ms="71171" started-at="2019-01-14T11:18:38Z" finished-at="2019-01-14T11:19:49Z">
    <groups>
    </groups>
    <test name="Default test" duration-ms="71171" started-at="2019-01-14T11:18:38Z" finished-at="2019-01-14T11:19:49Z">
      <class name="MavenFramework1.Broken_Link_Web">
        <test-method status="FAIL" signature="Broken()[pri:0, instance:MavenFramework1.Broken_Link_Web@69ea3742]" name="Broken" duration-ms="71095" started-at="2019-01-14T11:18:38Z" finished-at="2019-01-14T11:19:49Z">
          <exception class="java.lang.IllegalArgumentException">
            <message>
              <![CDATA[protocol = javascript host = null]]>
            </message>
            <full-stacktrace>
              <![CDATA[java.lang.IllegalArgumentException: protocol = javascript host = null
at sun.net.spi.DefaultProxySelector.select(DefaultProxySelector.java:177)
at sun.net.www.protocol.http.HttpURLConnection.plainConnect0(HttpURLConnection.java:1150)
at sun.net.www.protocol.http.HttpURLConnection.plainConnect(HttpURLConnection.java:1050)
at sun.net.www.protocol.https.AbstractDelegateHttpsURLConnection.connect(AbstractDelegateHttpsURLConnection.java:177)
at sun.net.www.protocol.https.HttpsURLConnectionImpl.connect(HttpsURLConnectionImpl.java:162)
at MavenFramework1.Broken_Link_Web.Broken(Broken_Link_Web.java:69)
at sun.reflect.NativeMethodAccessorImpl.invoke0(Native Method)
at sun.reflect.NativeMethodAccessorImpl.invoke(NativeMethodAccessorImpl.java:62)
at sun.reflect.DelegatingMethodAccessorImpl.invoke(DelegatingMethodAccessorImpl.java:43)
at java.lang.reflect.Method.invoke(Method.java:498)
at org.testng.internal.MethodInvocationHelper.invokeMethod(MethodInvocationHelper.java:124)
at org.testng.internal.Invoker.invokeMethod(Invoker.java:583)
at org.testng.internal.Invoker.invokeTestMethod(Invoker.java:719)
at org.testng.internal.Invoker.invokeTestMethods(Invoker.java:989)
at org.testng.internal.TestMethodWorker.invokeTestMethods(TestMethodWorker.java:125)
at org.testng.internal.TestMethodWorker.run(TestMethodWorker.java:109)
at org.testng.TestRunner.privateRun(TestRunner.java:648)
at org.testng.TestRunner.run(TestRunner.java:505)
at org.testng.SuiteRunner.runTest(SuiteRunner.java:455)
at org.testng.SuiteRunner.runSequentially(SuiteRunner.java:450)
at org.testng.SuiteRunner.privateRun(SuiteRunner.java:415)
at org.testng.SuiteRunner.run(SuiteRunner.java:364)
at org.testng.SuiteRunnerWorker.runSuite(SuiteRunnerWorker.java:52)
at org.testng.SuiteRunnerWorker.run(SuiteRunnerWorker.java:84)
at org.testng.TestNG.runSuitesSequentially(TestNG.java:1208)
at org.testng.TestNG.runSuitesLocally(TestNG.java:1137)
at org.testng.TestNG.runSuites(TestNG.java:1049)
at org.testng.TestNG.run(TestNG.java:1017)
at org.testng.remote.AbstractRemoteTestNG.run(AbstractRemoteTestNG.java:114)
at org.testng.remote.RemoteTestNG.initAndRun(RemoteTestNG.java:251)
at org.testng.remote.RemoteTestNG.main(RemoteTestNG.java:77)
]]>
            </full-stacktrace>
          </exception> <!-- java.lang.IllegalArgumentException -->
          <reporter-output>
          </reporter-output>
        </test-method> <!-- Broken -->
      </class> <!-- MavenFramework1.Broken_Link_Web -->
    </test> <!-- Default test -->
  </suite> <!-- Default suite -->
</testng-results>
